TN:
SF:playwright.config.js
FNF:0
FNH:0
DA:2,5
DA:13,5
LF:2
LH:2
BRF:0
BRH:0
end_of_record
TN:
SF:src/locators/HomePageLocators.js
FN:3,(anonymous_0)
FN:7,(anonymous_1)
FN:11,(anonymous_2)
FN:15,(anonymous_3)
FN:19,(anonymous_4)
FN:23,(anonymous_5)
FN:27,(anonymous_6)
FN:31,(anonymous_7)
FN:35,(anonymous_8)
FN:39,(anonymous_9)
FN:43,(anonymous_10)
FNF:11
FNH:10
FNDA:2,(anonymous_0)
FNDA:0,(anonymous_1)
FNDA:1,(anonymous_2)
FNDA:1,(anonymous_3)
FNDA:1,(anonymous_4)
FNDA:1,(anonymous_5)
FNDA:1,(anonymous_6)
FNDA:2,(anonymous_7)
FNDA:1,(anonymous_8)
FNDA:1,(anonymous_9)
FNDA:1,(anonymous_10)
DA:1,5
DA:4,2
DA:8,0
DA:12,1
DA:16,1
DA:20,1
DA:24,1
DA:28,1
DA:32,2
DA:36,1
DA:40,1
DA:44,1
LF:12
LH:11
BRF:0
BRH:0
end_of_record
TN:
SF:src/locators/SuccessPageLocators.js
FN:2,(anonymous_0)
FNF:1
FNH:0
FNDA:0,(anonymous_0)
DA:1,5
DA:3,0
LF:2
LH:1
BRF:0
BRH:0
end_of_record
TN:
SF:src/pages/HomePage.js
FN:5,(anonymous_0)
FN:19,(anonymous_1)
FN:23,(anonymous_2)
FN:27,(anonymous_3)
FN:31,(anonymous_4)
FN:35,(anonymous_5)
FN:39,(anonymous_6)
FN:43,(anonymous_7)
FNF:8
FNH:8
FNDA:1,(anonymous_0)
FNDA:1,(anonymous_1)
FNDA:1,(anonymous_2)
FNDA:1,(anonymous_3)
FNDA:1,(anonymous_4)
FNDA:1,(anonymous_5)
FNDA:2,(anonymous_6)
FNDA:1,(anonymous_7)
DA:1,5
DA:2,5
DA:4,5
DA:6,1
DA:7,1
DA:9,1
DA:10,1
DA:11,1
DA:12,1
DA:14,1
DA:16,1
DA:20,1
DA:24,1
DA:28,1
DA:32,1
DA:36,1
DA:40,2
DA:44,1
LF:18
LH:18
BRF:0
BRH:0
end_of_record
TN:
SF:src/tests/PlaywrightWebFormTest.spec.js
FN:7,(anonymous_0)
FN:9,(anonymous_1)
FN:13,(anonymous_2)
FN:37,(anonymous_3)
FN:45,(anonymous_4)
FN:52,(anonymous_5)
FNF:6
FNH:6
FNDA:5,(anonymous_0)
FNDA:4,(anonymous_1)
FNDA:1,(anonymous_2)
FNDA:1,(anonymous_3)
FNDA:1,(anonymous_4)
FNDA:1,(anonymous_5)
DA:2,5
DA:3,5
DA:4,5
DA:5,5
DA:7,5
DA:9,5
DA:10,4
DA:13,5
DA:14,1
DA:15,1
DA:16,1
DA:18,1
DA:19,1
DA:20,1
DA:21,1
DA:23,1
DA:25,1
DA:26,1
DA:27,1
DA:29,1
DA:31,1
DA:32,1
DA:34,1
DA:37,5
DA:38,1
DA:40,1
DA:42,1
DA:45,5
DA:46,1
DA:48,1
DA:50,1
DA:52,5
DA:53,1
DA:54,1
DA:56,1
LF:35
LH:35
BRF:0
BRH:0
end_of_record
TN:
SF:src/utils/globalSetup.js
FN:4,globalSetup
FNF:1
FNH:1
FNDA:1,globalSetup
DA:1,1
DA:2,1
DA:5,1
DA:11,1
LF:4
LH:4
BRF:0
BRH:0
end_of_record
